<?xml version="1.0" encoding="UTF-8"?>
<!-- Generated by org.testng.reporters.JUnitXMLReporter -->
<testsuite ignored="1" hostname="DESKTOP-07V1HVL" failures="0" tests="1" name="Test" time="32.031" errors="0" timestamp="2023-10-31T12:06:47 IST">
  <testcase classname="contactTests.CreateContactTestWithBC" name="demo" time="0.027"/>
  <testcase classname="contactTests.CreateContactTestWithBC" name="CreateContactTestWithBC" time="0.0">
    <ignored/>
  </testcase> <!-- CreateContactTestWithBC -->
</testsuite> <!-- Test -->
